<?xml version="1.0" encoding="UTF-8" ?>
<testsuites>
  <testsuite errors="1" failures="0" hostname="NS-OULLOA" id="0" name="ItemTests" package="com.rentamelo" tests="3" time="0.443" timestamp="2011-08-11T00:00:13">
      <properties />

      <testcase classname="com.rentamelo.ItemTests" name="testSomething" time="0.296" />

      <testcase classname="com.rentamelo.ItemTests" name="testCRUD" time="0.116">
          <error message="No signature of method: com.rentamelo.Item.save() is applicable for argument types: (java.util.LinkedHashMap) values: [[failOnError:true]] Possible solutions: wait(), any(), wait(long), any(groovy.lang.Closure), each(groovy.lang.Closure), sleep(long)" type="groovy.lang.MissingMethodException">groovy.lang.MissingMethodException: No signature of method: com.rentamelo.Item.save() is applicable for argument types: (java.util.LinkedHashMap) values: [[failOnError:true]]
Possible solutions: wait(), any(), wait(long), any(groovy.lang.Closure), each(groovy.lang.Closure), sleep(long)
	at com.rentamelo.ItemTests.testCRUD(ItemTests.groovy:26)
</error>

      </testcase>

      <testcase classname="com.rentamelo.ItemTests" name="testDatabase" time="0.006" />

      <system-out><![CDATA[--Output from testSomething--
--Output from testCRUD--
--Output from testDatabase--
]]></system-out>

      <system-err><![CDATA[--Output from testSomething--
--Output from testCRUD--
--Output from testDatabase--
]]></system-err>

  </testsuite>
</testsuites>
